[2020-02-17T15:34:00.056] [DEBUG] cheese - login => username:zs,password:123456
[2020-02-17T15:34:00.059] [DEBUG] cheese - zs
[2020-02-17T15:34:00.096] [DEBUG] cheese - null
[2020-02-17T15:34:00.099] [DEBUG] cheese - null
[2020-02-17T15:34:39.038] [DEBUG] cheese - login => username:admin,password:123456
[2020-02-17T15:34:39.039] [DEBUG] cheese - admin
[2020-02-17T15:34:39.050] [DEBUG] cheese - null
[2020-02-17T15:34:39.051] [DEBUG] cheese - null
[2020-02-18T16:02:46.524] [DEBUG] cheese - login => username:adg,password:wgeses
[2020-02-18T16:02:46.525] [DEBUG] cheese - adg
[2020-02-18T16:02:46.540] [DEBUG] cheese - null
[2020-02-18T16:02:46.540] [DEBUG] cheese - null
[2020-02-18T16:03:39.321] [DEBUG] cheese - login => username:wfa,password:agrgwar
[2020-02-18T16:03:39.322] [DEBUG] cheese - wfa
[2020-02-18T16:03:39.326] [DEBUG] cheese - null
[2020-02-18T16:03:39.326] [DEBUG] cheese - null
[2020-02-18T16:05:37.528] [DEBUG] cheese - login => username:nds,password:zgresse
[2020-02-18T16:05:37.529] [DEBUG] cheese - nds
[2020-02-18T16:05:37.532] [DEBUG] cheese - null
[2020-02-18T16:05:37.532] [DEBUG] cheese - null
[2020-02-18T16:08:03.176] [DEBUG] cheese - login => username:efawfr,password:argwqgr
[2020-02-18T16:08:03.177] [DEBUG] cheese - efawfr
[2020-02-18T16:08:03.180] [DEBUG] cheese - null
[2020-02-18T16:08:03.181] [DEBUG] cheese - null
[2020-02-18T16:08:11.336] [DEBUG] cheese - login => username:admin,password:123456
[2020-02-18T16:08:11.337] [DEBUG] cheese - admin
[2020-02-18T16:08:11.347] [DEBUG] cheese - null
[2020-02-18T16:08:11.347] [DEBUG] cheese - null
[2020-02-18T16:15:16.856] [DEBUG] cheese - login => username:afwaf,password:agfrgr
[2020-02-18T16:15:16.857] [DEBUG] cheese - afwaf
[2020-02-18T16:15:16.860] [DEBUG] cheese - null
[2020-02-18T16:15:16.860] [DEBUG] cheese - null
[2020-02-18T16:15:25.871] [DEBUG] cheese - login => username:admin,password:123456
[2020-02-18T16:15:25.871] [DEBUG] cheese - admin
[2020-02-18T16:15:25.877] [DEBUG] cheese - null
[2020-02-18T16:15:25.877] [DEBUG] cheese - null
[2020-02-18T16:18:04.484] [DEBUG] cheese - login => username:admin,password:123456
[2020-02-18T16:18:04.484] [DEBUG] cheese - admin
[2020-02-18T16:18:04.488] [DEBUG] cheese - null
[2020-02-18T16:18:04.488] [DEBUG] cheese - null
[2020-02-18T16:21:44.377] [DEBUG] cheese - login => username:admin,password:123456
[2020-02-18T16:21:44.378] [DEBUG] cheese - admin
[2020-02-18T16:21:44.383] [DEBUG] cheese - null
[2020-02-18T16:21:44.383] [DEBUG] cheese - null
[2020-02-18T16:22:40.864] [DEBUG] cheese - login => username:admin,password:123456
[2020-02-18T16:22:40.864] [DEBUG] cheese - admin
[2020-02-18T16:22:40.868] [DEBUG] cheese - null
[2020-02-18T16:22:40.868] [DEBUG] cheese - null
[2020-02-18T16:28:22.433] [DEBUG] cheese - login => username:adminfef,password:123456
[2020-02-18T16:28:22.434] [DEBUG] cheese - adminfef
[2020-02-18T16:28:22.438] [DEBUG] cheese - null
[2020-02-18T16:28:22.438] [DEBUG] cheese - null
[2020-02-19T09:49:16.075] [DEBUG] cheese - login => username:admin,password:123456
[2020-02-19T09:49:16.077] [DEBUG] cheese - admin
[2020-02-19T09:49:16.123] [DEBUG] cheese - null
[2020-02-19T09:49:16.124] [DEBUG] cheese - null
[2020-02-19T09:51:24.719] [DEBUG] cheese - login => username:admin,password:123456
[2020-02-19T09:51:24.719] [DEBUG] cheese - admin
[2020-02-19T09:51:24.724] [DEBUG] cheese - null
[2020-02-19T09:51:24.724] [DEBUG] cheese - null
[2020-02-19T09:51:47.810] [DEBUG] cheese - login => username:admin,password:123456
[2020-02-19T09:51:47.810] [DEBUG] cheese - admin
[2020-02-19T09:51:47.813] [DEBUG] cheese - null
[2020-02-19T09:51:47.814] [DEBUG] cheese - null
[2020-02-19T10:02:34.746] [DEBUG] cheese - login => username:admin,password:123456
[2020-02-19T10:02:34.746] [DEBUG] cheese - admin
[2020-02-19T10:02:34.756] [DEBUG] cheese - null
[2020-02-19T10:02:34.756] [DEBUG] cheese - null
[2020-02-19T10:13:12.054] [DEBUG] cheese - login => username:admin,password:123456
[2020-02-19T10:13:12.054] [DEBUG] cheese - admin
[2020-02-19T10:13:12.059] [DEBUG] cheese - null
[2020-02-19T10:13:12.059] [DEBUG] cheese - null
[2020-02-20T16:39:14.802] [DEBUG] cheese - login => username:admin,password:123456
[2020-02-20T16:39:14.803] [DEBUG] cheese - admin
[2020-02-20T16:39:14.855] [DEBUG] cheese - null
[2020-02-20T16:39:14.855] [DEBUG] cheese - null
[2020-02-20T17:40:57.088] [DEBUG] cheese - login => username:admin,password:123456
[2020-02-20T17:40:57.089] [DEBUG] cheese - admin
[2020-02-20T17:40:57.102] [DEBUG] cheese - null
[2020-02-20T17:40:57.102] [DEBUG] cheese - null
[2020-02-20T18:04:05.339] [DEBUG] cheese - login => username:admin,password:123456
[2020-02-20T18:04:05.339] [DEBUG] cheese - admin
[2020-02-20T18:04:05.344] [DEBUG] cheese - null
[2020-02-20T18:04:05.344] [DEBUG] cheese - null
[2020-02-21T09:39:49.996] [DEBUG] cheese - login => username:admin,password:123456
[2020-02-21T09:39:49.998] [DEBUG] cheese - admin
[2020-02-21T09:39:50.016] [DEBUG] cheese - null
[2020-02-21T09:39:50.016] [DEBUG] cheese - null
[2020-02-23T15:15:30.026] [DEBUG] cheese - login => username:admin,password:123456
[2020-02-23T15:15:30.027] [DEBUG] cheese - admin
[2020-02-23T15:15:30.046] [DEBUG] cheese - null
[2020-02-23T15:15:30.047] [DEBUG] cheese - null
[2020-02-24T09:59:37.565] [DEBUG] cheese - login => username:admin,password:123456
[2020-02-24T09:59:37.568] [DEBUG] cheese - admin
[2020-02-24T09:59:37.602] [DEBUG] cheese - null
[2020-02-24T09:59:37.603] [DEBUG] cheese - null
[2020-04-11T15:28:13.469] [DEBUG] cheese - login => username:admin,password:123456
[2020-04-11T15:28:13.472] [DEBUG] cheese - admin
[2020-04-11T15:28:13.507] [DEBUG] cheese - null
[2020-04-11T15:28:13.507] [DEBUG] cheese - null
[2020-04-13T09:05:38.913] [DEBUG] cheese - login => username:admin,password:123456
[2020-04-13T09:05:38.916] [DEBUG] cheese - admin
[2020-04-13T09:05:38.940] [DEBUG] cheese - null
[2020-04-13T09:05:38.942] [DEBUG] cheese - null
[2020-04-13T09:15:40.541] [DEBUG] cheese - login => username:admin,password:123456
[2020-04-13T09:15:40.542] [DEBUG] cheese - admin
[2020-04-13T09:15:40.562] [DEBUG] cheese - null
[2020-04-13T09:15:40.562] [DEBUG] cheese - null
[2020-04-13T09:19:44.034] [DEBUG] cheese - login => username:admin,password:123456
[2020-04-13T09:19:44.034] [DEBUG] cheese - admin
[2020-04-13T09:19:44.038] [DEBUG] cheese - null
[2020-04-13T09:19:44.038] [DEBUG] cheese - null
[2020-04-13T09:21:37.136] [DEBUG] cheese - login => username:admin,password:123456
[2020-04-13T09:21:37.136] [DEBUG] cheese - admin
[2020-04-13T09:21:37.161] [DEBUG] cheese - null
[2020-04-13T09:21:37.163] [DEBUG] cheese - null
[2020-04-13T09:21:50.761] [DEBUG] cheese - login => username:admin,password:123456
[2020-04-13T09:21:50.762] [DEBUG] cheese - admin
[2020-04-13T09:21:50.773] [DEBUG] cheese - null
[2020-04-13T09:21:50.773] [DEBUG] cheese - null
[2020-04-13T09:23:21.973] [DEBUG] cheese - login => username:admin,password:123456
[2020-04-13T09:23:21.973] [DEBUG] cheese - admin
[2020-04-13T09:23:21.978] [DEBUG] cheese - null
[2020-04-13T09:23:21.978] [DEBUG] cheese - null
[2020-04-13T09:24:07.585] [DEBUG] cheese - login => username:admin,password:123456
[2020-04-13T09:24:07.585] [DEBUG] cheese - admin
[2020-04-13T09:24:07.589] [DEBUG] cheese - null
[2020-04-13T09:24:07.589] [DEBUG] cheese - null
[2020-04-13T10:33:57.540] [DEBUG] cheese - login => username:admin,password:123456
[2020-04-13T10:33:57.541] [DEBUG] cheese - admin
[2020-04-13T10:33:57.575] [DEBUG] cheese - null
[2020-04-13T10:33:57.575] [DEBUG] cheese - null
[2020-04-13T10:34:40.706] [DEBUG] cheese - login => username:admin,password:123456
[2020-04-13T10:34:40.707] [DEBUG] cheese - admin
[2020-04-13T10:34:40.712] [DEBUG] cheese - null
[2020-04-13T10:34:40.712] [DEBUG] cheese - null
[2020-04-13T10:36:22.549] [DEBUG] cheese - login => username:admin,password:123456
[2020-04-13T10:36:22.549] [DEBUG] cheese - admin
[2020-04-13T10:36:22.569] [DEBUG] cheese - null
[2020-04-13T10:36:22.569] [DEBUG] cheese - null
[2020-04-13T10:36:58.890] [DEBUG] cheese - login => username:admin,password:123456
[2020-04-13T10:36:58.891] [DEBUG] cheese - admin
[2020-04-13T10:36:58.896] [DEBUG] cheese - null
[2020-04-13T10:36:58.897] [DEBUG] cheese - null
[2020-04-13T10:38:48.688] [DEBUG] cheese - login => username:admin,password:123456
[2020-04-13T10:38:48.688] [DEBUG] cheese - admin
[2020-04-13T10:38:48.695] [DEBUG] cheese - null
[2020-04-13T10:38:48.695] [DEBUG] cheese - null
[2020-04-13T10:42:12.541] [DEBUG] cheese - login => username:admin,password:123456
[2020-04-13T10:42:12.542] [DEBUG] cheese - admin
[2020-04-13T10:42:12.548] [DEBUG] cheese - null
[2020-04-13T10:42:12.548] [DEBUG] cheese - null
[2020-04-13T10:51:45.183] [DEBUG] cheese - login => username:admin,password:123456
[2020-04-13T10:51:45.183] [DEBUG] cheese - admin
[2020-04-13T10:51:45.190] [DEBUG] cheese - null
[2020-04-13T10:51:45.190] [DEBUG] cheese - null
[2020-04-13T10:52:38.223] [DEBUG] cheese - login => username:admin,password:123456
[2020-04-13T10:52:38.223] [DEBUG] cheese - admin
[2020-04-13T10:52:38.228] [DEBUG] cheese - null
[2020-04-13T10:52:38.228] [DEBUG] cheese - null
[2020-04-13T10:57:11.114] [DEBUG] cheese - login => username:admin,password:123456
[2020-04-13T10:57:11.115] [DEBUG] cheese - admin
[2020-04-13T10:57:11.120] [DEBUG] cheese - null
[2020-04-13T10:57:11.120] [DEBUG] cheese - null
[2020-04-13T10:57:41.788] [DEBUG] cheese - login => username:admin,password:123456
[2020-04-13T10:57:41.788] [DEBUG] cheese - admin
[2020-04-13T10:57:41.792] [DEBUG] cheese - null
[2020-04-13T10:57:41.792] [DEBUG] cheese - null
[2020-04-13T11:12:45.391] [DEBUG] cheese - login => username:admin,password:123456
[2020-04-13T11:12:45.391] [DEBUG] cheese - admin
[2020-04-13T11:12:45.398] [DEBUG] cheese - null
[2020-04-13T11:12:45.398] [DEBUG] cheese - null
[2020-04-13T11:12:50.479] [DEBUG] cheese - login => username:admin,password:123456
[2020-04-13T11:12:50.479] [DEBUG] cheese - admin
[2020-04-13T11:12:50.484] [DEBUG] cheese - null
[2020-04-13T11:12:50.484] [DEBUG] cheese - null
[2020-04-13T11:13:01.675] [DEBUG] cheese - login => username:admin,password:123456
[2020-04-13T11:13:01.675] [DEBUG] cheese - admin
[2020-04-13T11:13:01.691] [DEBUG] cheese - null
[2020-04-13T11:13:01.692] [DEBUG] cheese - null
[2020-04-13T11:13:32.760] [DEBUG] cheese - login => username:admin,password:123456
[2020-04-13T11:13:32.760] [DEBUG] cheese - admin
[2020-04-13T11:13:32.769] [DEBUG] cheese - null
[2020-04-13T11:13:32.769] [DEBUG] cheese - null
[2020-04-13T11:13:50.750] [DEBUG] cheese - login => username:admin,password:123456
[2020-04-13T11:13:50.751] [DEBUG] cheese - admin
[2020-04-13T11:13:50.755] [DEBUG] cheese - null
[2020-04-13T11:13:50.755] [DEBUG] cheese - null
[2020-04-13T11:17:34.857] [DEBUG] cheese - login => username:admin,password:123456
[2020-04-13T11:17:34.857] [DEBUG] cheese - admin
[2020-04-13T11:17:34.864] [DEBUG] cheese - null
[2020-04-13T11:17:34.864] [DEBUG] cheese - null
[2020-04-13T11:17:48.431] [DEBUG] cheese - login => username:admin,password:123456
[2020-04-13T11:17:48.431] [DEBUG] cheese - admin
[2020-04-13T11:17:48.434] [DEBUG] cheese - null
[2020-04-13T11:17:48.435] [DEBUG] cheese - null
[2020-04-13T11:18:37.542] [DEBUG] cheese - login => username:admin,password:123456
[2020-04-13T11:18:37.543] [DEBUG] cheese - admin
[2020-04-13T11:18:37.549] [DEBUG] cheese - null
[2020-04-13T11:18:37.549] [DEBUG] cheese - null
[2020-04-13T11:18:42.872] [DEBUG] cheese - login => username:admin,password:123456
[2020-04-13T11:18:42.872] [DEBUG] cheese - admin
[2020-04-13T11:18:42.876] [DEBUG] cheese - null
[2020-04-13T11:18:42.876] [DEBUG] cheese - null
[2020-04-13T11:20:53.782] [DEBUG] cheese - login => username:admin,password:123456
[2020-04-13T11:20:53.782] [DEBUG] cheese - admin
[2020-04-13T11:20:53.788] [DEBUG] cheese - null
[2020-04-13T11:20:53.788] [DEBUG] cheese - null
[2020-04-13T11:33:23.294] [DEBUG] cheese - login => username:admin,password:123456
[2020-04-13T11:33:23.296] [DEBUG] cheese - admin
[2020-04-13T11:33:23.303] [DEBUG] cheese - null
[2020-04-13T11:33:23.303] [DEBUG] cheese - null
[2020-04-13T12:02:39.465] [DEBUG] cheese - login => username:admin,password:123456
[2020-04-13T12:02:39.465] [DEBUG] cheese - admin
[2020-04-13T12:02:39.472] [DEBUG] cheese - null
[2020-04-13T12:02:39.472] [DEBUG] cheese - null
[2020-04-13T12:03:31.536] [DEBUG] cheese - login => username:admin,password:123456
[2020-04-13T12:03:31.539] [DEBUG] cheese - admin
[2020-04-13T12:03:31.544] [DEBUG] cheese - null
[2020-04-13T12:03:31.544] [DEBUG] cheese - null
[2020-04-13T12:03:38.095] [DEBUG] cheese - login => username:admin,password:123456
[2020-04-13T12:03:38.096] [DEBUG] cheese - admin
[2020-04-13T12:03:38.100] [DEBUG] cheese - null
[2020-04-13T12:03:38.100] [DEBUG] cheese - null
[2020-04-13T14:24:31.662] [DEBUG] cheese - login => username:admin,password:123456
[2020-04-13T14:24:31.662] [DEBUG] cheese - admin
[2020-04-13T14:24:31.671] [DEBUG] cheese - null
[2020-04-13T14:24:31.672] [DEBUG] cheese - null
[2020-04-13T14:24:59.054] [DEBUG] cheese - login => username:admin,password:123456
[2020-04-13T14:24:59.054] [DEBUG] cheese - admin
[2020-04-13T14:24:59.060] [DEBUG] cheese - null
[2020-04-13T14:24:59.060] [DEBUG] cheese - null
[2020-04-13T15:11:37.909] [DEBUG] cheese - login => username:admin,password:123456
[2020-04-13T15:11:37.913] [DEBUG] cheese - admin
[2020-04-13T15:11:37.933] [DEBUG] cheese - null
[2020-04-13T15:11:37.934] [DEBUG] cheese - null
[2020-04-13T15:36:28.457] [DEBUG] cheese - login => username:admin,password:123456
[2020-04-13T15:36:28.459] [DEBUG] cheese - admin
[2020-04-13T15:36:28.476] [DEBUG] cheese - null
[2020-04-13T15:36:28.476] [DEBUG] cheese - null
[2020-04-13T16:27:47.374] [DEBUG] cheese - login => username:admin,password:123456
[2020-04-13T16:27:47.380] [DEBUG] cheese - admin
[2020-04-13T16:27:49.718] [DEBUG] cheese - login => username:admin,password:123456
[2020-04-13T16:27:49.719] [DEBUG] cheese - admin
[2020-04-13T16:27:51.457] [DEBUG] cheese - login => username:admin,password:123456
[2020-04-13T16:27:51.458] [DEBUG] cheese - admin
[2020-04-13T16:28:00.879] [DEBUG] cheese - login => username:admin,password:123456
[2020-04-13T16:28:00.880] [DEBUG] cheese - admin
[2020-04-13T16:28:02.842] [DEBUG] cheese - login => username:admin,password:123456
[2020-04-13T16:28:02.842] [DEBUG] cheese - admin
[2020-04-13T16:28:03.849] [DEBUG] cheese - login => username:admin,password:123456
[2020-04-13T16:28:03.849] [DEBUG] cheese - admin
[2020-04-13T16:29:18.337] [DEBUG] cheese - login => username:admin,password:123456
[2020-04-13T16:29:18.341] [DEBUG] cheese - admin
[2020-04-13T16:29:18.404] [DEBUG] cheese - null
[2020-04-13T16:29:18.405] [DEBUG] cheese - null
[2020-04-13T16:32:55.305] [DEBUG] cheese - login => username:admin,password:123456
[2020-04-13T16:32:55.309] [DEBUG] cheese - admin
[2020-04-13T16:32:55.345] [DEBUG] cheese - null
[2020-04-13T16:32:55.346] [DEBUG] cheese - null
[2020-04-14T10:38:57.721] [DEBUG] cheese - login => username:admin,password:123456
[2020-04-14T10:38:57.728] [DEBUG] cheese - admin
[2020-04-14T10:38:57.766] [DEBUG] cheese - null
[2020-04-14T10:38:57.767] [DEBUG] cheese - null
[2020-04-14T10:39:04.104] [DEBUG] cheese - login => username:admin,password:123456
[2020-04-14T10:39:04.104] [DEBUG] cheese - admin
[2020-04-14T10:39:04.109] [DEBUG] cheese - null
[2020-04-14T10:39:04.109] [DEBUG] cheese - null
[2020-04-14T10:42:08.027] [DEBUG] cheese - login => username:admin,password:123456
[2020-04-14T10:42:08.027] [DEBUG] cheese - admin
[2020-04-14T10:42:08.035] [DEBUG] cheese - null
[2020-04-14T10:42:08.035] [DEBUG] cheese - null
[2020-04-14T10:45:24.203] [DEBUG] cheese - login => username:admin,password:123456
[2020-04-14T10:45:24.204] [DEBUG] cheese - admin
[2020-04-14T10:45:24.214] [DEBUG] cheese - null
[2020-04-14T10:45:24.214] [DEBUG] cheese - null
[2020-04-14T10:53:00.264] [DEBUG] cheese - login => username:admin,password:123456
[2020-04-14T10:53:00.264] [DEBUG] cheese - admin
[2020-04-14T10:53:00.300] [DEBUG] cheese - null
[2020-04-14T10:53:00.300] [DEBUG] cheese - null
[2020-04-14T10:55:22.138] [DEBUG] cheese - login => username:admin,password:123456
[2020-04-14T10:55:22.138] [DEBUG] cheese - admin
[2020-04-14T10:55:22.156] [DEBUG] cheese - null
[2020-04-14T10:55:22.157] [DEBUG] cheese - null
[2020-04-14T10:56:00.193] [DEBUG] cheese - login => username:admin,password:123456
[2020-04-14T10:56:00.193] [DEBUG] cheese - admin
[2020-04-14T10:56:00.200] [DEBUG] cheese - null
[2020-04-14T10:56:00.200] [DEBUG] cheese - null
[2020-04-14T11:27:22.371] [DEBUG] cheese - login => username:admin,password:123456
[2020-04-14T11:27:22.378] [DEBUG] cheese - admin
[2020-04-14T11:27:22.412] [DEBUG] cheese - null
[2020-04-14T11:27:22.413] [DEBUG] cheese - null
[2020-04-14T11:56:19.684] [DEBUG] cheese - login => username:admin,password:123456
[2020-04-14T11:56:19.696] [DEBUG] cheese - admin
[2020-04-14T11:56:19.727] [DEBUG] cheese - null
[2020-04-14T11:56:19.728] [DEBUG] cheese - null
[2020-04-14T15:26:43.783] [DEBUG] cheese - login => username:admin,password:123456
[2020-04-14T15:26:43.788] [DEBUG] cheese - admin
[2020-04-14T15:26:43.861] [DEBUG] cheese - null
[2020-04-14T15:26:43.863] [DEBUG] cheese - null
[2020-04-14T19:31:43.458] [DEBUG] cheese - login => username:admin,password:123456
[2020-04-14T19:31:43.464] [DEBUG] cheese - admin
[2020-04-14T19:31:43.584] [DEBUG] cheese - null
[2020-04-14T19:31:43.584] [DEBUG] cheese - null
[2020-04-14T19:31:53.530] [DEBUG] cheese - login => username:admin,password:123456
[2020-04-14T19:31:53.530] [DEBUG] cheese - admin
[2020-04-14T19:31:53.540] [DEBUG] cheese - null
[2020-04-14T19:31:53.540] [DEBUG] cheese - null
[2020-04-15T09:11:02.931] [DEBUG] cheese - login => username:admin,password:123456
[2020-04-15T09:11:02.959] [DEBUG] cheese - admin
[2020-04-15T09:11:03.075] [DEBUG] cheese - null
[2020-04-15T09:11:03.077] [DEBUG] cheese - null
[2020-04-15T09:11:06.314] [DEBUG] cheese - login => username:admin,password:123456
[2020-04-15T09:11:06.315] [DEBUG] cheese - admin
[2020-04-15T09:11:06.340] [DEBUG] cheese - null
[2020-04-15T09:11:06.341] [DEBUG] cheese - null
[2020-04-15T11:19:11.596] [DEBUG] cheese - login => username:admin,password:123456
[2020-04-15T11:19:11.599] [DEBUG] cheese - admin
[2020-04-15T11:19:11.653] [DEBUG] cheese - null
[2020-04-15T11:19:11.655] [DEBUG] cheese - null
[2020-04-15T18:19:42.234] [DEBUG] cheese - login => username:admin,password:123456
[2020-04-15T18:19:42.237] [DEBUG] cheese - admin
[2020-04-15T18:19:42.303] [DEBUG] cheese - null
[2020-04-15T18:19:42.303] [DEBUG] cheese - null
[2020-04-15T18:54:40.852] [DEBUG] cheese - login => username:admin,password:123456
[2020-04-15T18:54:40.855] [DEBUG] cheese - admin
[2020-04-15T18:54:40.942] [DEBUG] cheese - null
[2020-04-15T18:54:40.944] [DEBUG] cheese - null
[2020-04-16T14:26:15.163] [DEBUG] cheese - login => username:admin,password:123456
[2020-04-16T14:26:15.165] [DEBUG] cheese - admin
[2020-04-16T14:26:15.235] [DEBUG] cheese - null
[2020-04-16T14:26:15.237] [DEBUG] cheese - null
[2020-04-16T15:12:12.528] [DEBUG] cheese - login => username:admin,password:123456
[2020-04-16T15:12:12.532] [DEBUG] cheese - admin
[2020-04-16T15:12:12.562] [DEBUG] cheese - null
[2020-04-16T15:12:12.563] [DEBUG] cheese - null
[2020-04-17T09:57:13.828] [DEBUG] cheese - login => username:admin,password:123456
[2020-04-17T09:57:13.833] [DEBUG] cheese - admin
[2020-04-17T09:57:13.958] [DEBUG] cheese - null
[2020-04-17T09:57:13.959] [DEBUG] cheese - null
[2020-04-17T09:57:16.103] [DEBUG] cheese - login => username:admin,password:123456
[2020-04-17T09:57:16.103] [DEBUG] cheese - admin
[2020-04-17T09:57:16.112] [DEBUG] cheese - null
[2020-04-17T09:57:16.113] [DEBUG] cheese - null
[2020-04-17T13:49:16.463] [DEBUG] cheese - login => username:admin,password:123456
[2020-04-17T13:49:16.468] [DEBUG] cheese - admin
[2020-04-17T13:49:16.586] [DEBUG] cheese - null
[2020-04-17T13:49:16.589] [DEBUG] cheese - null
[2020-04-20T15:08:04.877] [DEBUG] cheese - login => username:admin,password:admin
[2020-04-20T15:08:04.882] [DEBUG] cheese - admin
[2020-04-20T15:08:04.940] [DEBUG] cheese - null
[2020-04-20T15:08:04.941] [DEBUG] cheese - null
[2020-04-20T15:08:18.751] [DEBUG] cheese - login => username:admin,password:123456
[2020-04-20T15:08:18.751] [DEBUG] cheese - admin
[2020-04-20T15:08:18.807] [DEBUG] cheese - null
[2020-04-20T15:08:18.808] [DEBUG] cheese - null
[2020-04-20T17:15:00.178] [DEBUG] cheese - login => username:admin,password:123456
[2020-04-20T17:15:00.187] [DEBUG] cheese - admin
[2020-04-20T17:15:00.262] [DEBUG] cheese - null
[2020-04-20T17:15:00.263] [DEBUG] cheese - null
[2020-04-20T17:15:52.278] [DEBUG] cheese - login => username:admin,password:123456
[2020-04-20T17:15:52.279] [DEBUG] cheese - admin
[2020-04-20T17:15:52.285] [DEBUG] cheese - null
[2020-04-20T17:15:52.286] [DEBUG] cheese - null
[2020-04-20T17:23:38.683] [DEBUG] cheese - login => username:admin,password:123456
[2020-04-20T17:23:38.683] [DEBUG] cheese - admin
[2020-04-20T17:23:38.690] [DEBUG] cheese - null
[2020-04-20T17:23:38.690] [DEBUG] cheese - null
[2020-04-20T17:24:13.843] [DEBUG] cheese - login => username:admin,password:123456
[2020-04-20T17:24:13.844] [DEBUG] cheese - admin
[2020-04-20T17:24:13.849] [DEBUG] cheese - null
[2020-04-20T17:24:13.849] [DEBUG] cheese - null
[2020-04-20T17:25:28.994] [DEBUG] cheese - login => username:admin,password:123456
[2020-04-20T17:25:28.994] [DEBUG] cheese - admin
[2020-04-20T17:25:28.999] [DEBUG] cheese - null
[2020-04-20T17:25:28.999] [DEBUG] cheese - null
[2020-04-20T17:36:40.065] [DEBUG] cheese - login => username:admin,password:123456
[2020-04-20T17:36:40.066] [DEBUG] cheese - admin
[2020-04-20T17:36:40.073] [DEBUG] cheese - null
[2020-04-20T17:36:40.073] [DEBUG] cheese - null
[2020-04-20T17:37:03.146] [DEBUG] cheese - login => username:admin,password:123456
[2020-04-20T17:37:03.146] [DEBUG] cheese - admin
[2020-04-20T17:37:03.152] [DEBUG] cheese - null
[2020-04-20T17:37:03.152] [DEBUG] cheese - null
[2020-04-21T08:47:51.199] [DEBUG] cheese - login => username:admin,password:123456
[2020-04-21T08:47:51.203] [DEBUG] cheese - admin
[2020-04-21T08:47:51.278] [DEBUG] cheese - null
[2020-04-21T08:47:51.280] [DEBUG] cheese - null
[2020-04-21T09:26:50.700] [DEBUG] cheese - login => username:admin,password:123456
[2020-04-21T09:26:50.705] [DEBUG] cheese - admin
[2020-04-21T09:26:50.786] [DEBUG] cheese - null
[2020-04-21T09:26:50.787] [DEBUG] cheese - null
[2020-04-22T09:40:01.200] [DEBUG] cheese - login => username:admin,password:123456
[2020-04-22T09:40:01.203] [DEBUG] cheese - admin
[2020-04-22T09:40:01.264] [DEBUG] cheese - null
[2020-04-22T09:40:01.265] [DEBUG] cheese - null
[2020-04-22T09:40:03.042] [DEBUG] cheese - login => username:admin,password:123456
[2020-04-22T09:40:03.042] [DEBUG] cheese - admin
[2020-04-22T09:40:03.048] [DEBUG] cheese - null
[2020-04-22T09:40:03.048] [DEBUG] cheese - null
[2020-04-23T09:05:26.613] [DEBUG] cheese - login => username:admin,password:123456
[2020-04-23T09:05:26.620] [DEBUG] cheese - admin
[2020-04-23T09:05:26.776] [DEBUG] cheese - null
[2020-04-23T09:05:26.777] [DEBUG] cheese - null
[2020-04-23T09:05:30.231] [DEBUG] cheese - login => username:admin,password:123456
[2020-04-23T09:05:30.231] [DEBUG] cheese - admin
[2020-04-23T09:05:30.267] [DEBUG] cheese - null
[2020-04-23T09:05:30.268] [DEBUG] cheese - null
[2020-04-23T15:20:14.500] [DEBUG] cheese - login => username:admin,password:123456
[2020-04-23T15:20:14.503] [DEBUG] cheese - admin
[2020-04-23T15:20:14.571] [DEBUG] cheese - null
[2020-04-23T15:20:14.573] [DEBUG] cheese - null
[2020-04-24T09:10:45.277] [DEBUG] cheese - login => username:admin,password:123456
[2020-04-24T09:10:45.309] [DEBUG] cheese - admin
[2020-04-24T09:10:45.771] [DEBUG] cheese - null
[2020-04-24T09:10:45.772] [DEBUG] cheese - null
[2020-04-24T09:10:49.306] [DEBUG] cheese - login => username:admin,password:123456
[2020-04-24T09:10:49.306] [DEBUG] cheese - admin
[2020-04-24T09:10:49.325] [DEBUG] cheese - null
[2020-04-24T09:10:49.325] [DEBUG] cheese - null
[2020-04-24T15:59:55.679] [DEBUG] cheese - login => username:admin,password:123456
[2020-04-24T15:59:55.682] [DEBUG] cheese - admin
[2020-04-24T15:59:55.752] [DEBUG] cheese - null
[2020-04-24T15:59:55.753] [DEBUG] cheese - null
[2020-04-24T16:00:07.790] [DEBUG] cheese - login => username:admin,password:123456
[2020-04-24T16:00:07.790] [DEBUG] cheese - admin
[2020-04-24T16:00:07.803] [DEBUG] cheese - null
[2020-04-24T16:00:07.803] [DEBUG] cheese - null
[2020-04-25T09:01:40.115] [DEBUG] cheese - login => username:admin,password:123456
[2020-04-25T09:01:40.119] [DEBUG] cheese - admin
[2020-04-25T09:01:40.194] [DEBUG] cheese - null
[2020-04-25T09:01:40.195] [DEBUG] cheese - null
[2020-04-25T09:01:43.194] [DEBUG] cheese - login => username:admin,password:123456
[2020-04-25T09:01:43.195] [DEBUG] cheese - admin
[2020-04-25T09:01:43.203] [DEBUG] cheese - null
[2020-04-25T09:01:43.204] [DEBUG] cheese - null
[2020-04-25T09:01:47.247] [DEBUG] cheese - login => username:admin,password:123456
[2020-04-25T09:01:47.248] [DEBUG] cheese - admin
[2020-04-25T09:01:47.259] [DEBUG] cheese - null
[2020-04-25T09:01:47.260] [DEBUG] cheese - null
[2020-04-26T10:11:21.786] [DEBUG] cheese - login => username:admin,password:123456
[2020-04-26T10:11:21.788] [DEBUG] cheese - admin
[2020-04-26T10:11:21.878] [DEBUG] cheese - null
[2020-04-26T10:11:21.879] [DEBUG] cheese - null
[2020-04-26T10:11:24.374] [DEBUG] cheese - login => username:admin,password:123456
[2020-04-26T10:11:24.375] [DEBUG] cheese - admin
[2020-04-26T10:11:24.380] [DEBUG] cheese - null
[2020-04-26T10:11:24.381] [DEBUG] cheese - null
[2020-04-27T10:14:50.269] [DEBUG] cheese - login => username:admin,password:123456
[2020-04-27T10:14:50.271] [DEBUG] cheese - admin
[2020-04-27T10:14:50.358] [DEBUG] cheese - null
[2020-04-27T10:14:50.359] [DEBUG] cheese - null
[2020-05-06T10:15:52.025] [DEBUG] cheese - login => username:admin,password:123456
[2020-05-06T10:15:52.029] [DEBUG] cheese - admin
[2020-05-06T10:15:52.180] [DEBUG] cheese - null
[2020-05-06T10:15:52.182] [DEBUG] cheese - null
[2020-05-06T10:15:55.758] [DEBUG] cheese - login => username:admin,password:123456
[2020-05-06T10:15:55.759] [DEBUG] cheese - admin
[2020-05-06T10:15:55.765] [DEBUG] cheese - null
[2020-05-06T10:15:55.765] [DEBUG] cheese - null
[2020-05-06T10:46:26.676] [DEBUG] cheese - login => username:admin,password:123456
[2020-05-06T10:46:26.678] [DEBUG] cheese - admin
[2020-05-06T10:46:26.704] [DEBUG] cheese - null
[2020-05-06T10:46:26.705] [DEBUG] cheese - null
[2020-05-06T11:38:06.788] [DEBUG] cheese - login => username:admin,password:123456
[2020-05-06T11:38:06.789] [DEBUG] cheese - admin
[2020-05-06T11:38:06.815] [DEBUG] cheese - null
[2020-05-06T11:38:06.815] [DEBUG] cheese - null
[2020-05-06T16:11:18.244] [DEBUG] cheese - login => username:admin,password:123456
[2020-05-06T16:11:18.247] [DEBUG] cheese - admin
[2020-05-06T16:11:18.379] [DEBUG] cheese - null
[2020-05-06T16:11:18.379] [DEBUG] cheese - null
[2020-05-09T09:58:08.555] [DEBUG] cheese - login => username:admin,password:123456
[2020-05-09T09:58:08.559] [DEBUG] cheese - admin
[2020-05-09T09:58:08.684] [DEBUG] cheese - null
[2020-05-09T09:58:08.685] [DEBUG] cheese - null
[2020-05-09T09:58:10.904] [DEBUG] cheese - login => username:admin,password:123456
[2020-05-09T09:58:10.904] [DEBUG] cheese - admin
[2020-05-09T09:58:10.923] [DEBUG] cheese - null
[2020-05-09T09:58:10.923] [DEBUG] cheese - null
[2020-05-09T10:06:50.402] [DEBUG] cheese - login => username:admin,password:123456
[2020-05-09T10:06:50.402] [DEBUG] cheese - admin
[2020-05-09T10:06:50.421] [DEBUG] cheese - null
[2020-05-09T10:06:50.422] [DEBUG] cheese - null
[2020-05-11T17:13:41.059] [DEBUG] cheese - login => username:admin,password:123456
[2020-05-11T17:13:41.064] [DEBUG] cheese - admin
[2020-05-11T17:13:43.748] [DEBUG] cheese - login => username:admin,password:123456
[2020-05-11T17:13:43.748] [DEBUG] cheese - admin
[2020-05-11T17:13:45.573] [DEBUG] cheese - login => username:admin,password:123456
[2020-05-11T17:13:45.573] [DEBUG] cheese - admin
[2020-05-11T17:33:03.464] [DEBUG] cheese - login => username:admin,password:123456
[2020-05-11T17:33:03.464] [DEBUG] cheese - admin
[2020-05-11T17:58:36.943] [DEBUG] cheese - login => username:admin,password:123456
[2020-05-11T17:58:36.950] [DEBUG] cheese - admin
[2020-05-11T17:58:39.045] [DEBUG] cheese - login => username:admin,password:123456
[2020-05-11T17:58:39.046] [DEBUG] cheese - admin
[2020-05-13T09:59:00.833] [DEBUG] cheese - login => username:admin,password:123456
[2020-05-13T09:59:00.835] [DEBUG] cheese - admin
[2020-05-13T09:59:03.202] [DEBUG] cheese - login => username:admin,password:123456
[2020-05-13T09:59:03.203] [DEBUG] cheese - admin
[2020-05-13T10:26:37.793] [DEBUG] cheese - login => username:admin,password:123456
[2020-05-13T10:26:37.797] [DEBUG] cheese - admin
[2020-05-16T16:43:24.149] [DEBUG] cheese - login => username:admin,password:123456
[2020-05-16T16:43:24.152] [DEBUG] cheese - admin
[2020-05-16T16:43:28.492] [DEBUG] cheese - login => username:admin,password:123456
[2020-05-16T16:43:28.492] [DEBUG] cheese - admin
[2020-05-16T16:45:47.755] [DEBUG] cheese - login => username:admin,password:123456
[2020-05-16T16:45:47.756] [DEBUG] cheese - admin
[2020-05-18T08:16:35.990] [DEBUG] cheese - login => username:admin,password:123456
[2020-05-18T08:16:35.994] [DEBUG] cheese - admin
[2020-05-18T08:16:38.709] [DEBUG] cheese - login => username:admin,password:123456
[2020-05-18T08:16:38.709] [DEBUG] cheese - admin
[2020-05-18T08:20:46.122] [DEBUG] cheese - login => username:admin,password:123456
[2020-05-18T08:20:46.122] [DEBUG] cheese - admin
[2020-05-18T14:26:45.457] [DEBUG] cheese - login => username:admin,password:123456
[2020-05-18T14:26:45.471] [DEBUG] cheese - admin
[2020-06-01T19:22:23.032] [DEBUG] cheese - login => username:admin,password:123456
[2020-06-01T19:22:23.035] [DEBUG] cheese - admin
[2020-06-01T19:22:25.326] [DEBUG] cheese - login => username:admin,password:123456
[2020-06-01T19:22:25.327] [DEBUG] cheese - admin
[2020-06-01T20:21:13.493] [DEBUG] cheese - login => username:admin,password:123456
[2020-06-01T20:21:13.500] [DEBUG] cheese - admin
[2020-06-01T20:21:17.434] [DEBUG] cheese - login => username:admin,password:123456
[2020-06-01T20:21:17.434] [DEBUG] cheese - admin
[2020-06-01T21:01:29.513] [DEBUG] cheese - login => username:admin,password:123456
[2020-06-01T21:01:29.517] [DEBUG] cheese - admin
[2020-06-01T21:01:31.513] [DEBUG] cheese - login => username:admin,password:123456
[2020-06-01T21:01:31.514] [DEBUG] cheese - admin
[2020-06-02T19:05:14.538] [DEBUG] cheese - login => username:admin,password:123456
[2020-06-02T19:05:14.547] [DEBUG] cheese - admin
[2020-06-02T19:05:16.705] [DEBUG] cheese - login => username:admin,password:123456
[2020-06-02T19:05:16.705] [DEBUG] cheese - admin
[2020-06-02T20:23:50.750] [DEBUG] cheese - login => username:admin,password:123456
[2020-06-02T20:23:50.752] [DEBUG] cheese - admin
[2020-06-02T22:10:19.316] [DEBUG] cheese - login => username:admin,password:123456
[2020-06-02T22:10:19.326] [DEBUG] cheese - admin
[2020-06-02T22:10:21.564] [DEBUG] cheese - login => username:admin,password:123456
[2020-06-02T22:10:21.564] [DEBUG] cheese - admin
[2020-06-04T09:06:04.337] [DEBUG] cheese - login => username:admin,password:123456
[2020-06-04T09:06:04.344] [DEBUG] cheese - admin
[2020-06-04T09:06:07.027] [DEBUG] cheese - login => username:admin,password:123456
[2020-06-04T09:06:07.028] [DEBUG] cheese - admin
[2020-06-04T15:31:19.522] [DEBUG] cheese - login => username:admin,password:123456
[2020-06-04T15:31:19.525] [DEBUG] cheese - admin
[2020-06-04T17:00:12.207] [DEBUG] cheese - login => username:admin,password:123456
[2020-06-04T17:00:12.210] [DEBUG] cheese - admin
[2020-06-05T08:55:07.479] [DEBUG] cheese - login => username:admin,password:123456
[2020-06-05T08:55:07.482] [DEBUG] cheese - admin
[2020-06-05T08:55:09.346] [DEBUG] cheese - login => username:admin,password:123456
[2020-06-05T08:55:09.347] [DEBUG] cheese - admin
[2020-06-05T09:15:31.869] [DEBUG] cheese - login => username:admin,password:123456
[2020-06-05T09:15:31.871] [DEBUG] cheese - admin
[2020-06-07T09:09:20.710] [DEBUG] cheese - login => username:admin,password:123456
[2020-06-07T09:09:20.730] [DEBUG] cheese - admin
[2020-06-07T09:19:02.170] [DEBUG] cheese - login => username:admin,password:123456
[2020-06-07T09:19:02.171] [DEBUG] cheese - admin
[2020-06-28T10:33:45.573] [DEBUG] cheese - login => username:admin,password:123456
[2020-06-28T10:33:45.575] [DEBUG] cheese - admin
[2020-06-28T10:33:48.454] [DEBUG] cheese - login => username:admin,password:123456
[2020-06-28T10:33:48.454] [DEBUG] cheese - admin
[2020-06-28T10:34:33.111] [DEBUG] cheese - login => username:admin,password:123456
[2020-06-28T10:34:33.111] [DEBUG] cheese - admin
[2020-06-28T17:16:47.397] [DEBUG] cheese - login => username:admin,password:123456
[2020-06-28T17:16:47.402] [DEBUG] cheese - admin
[2020-06-29T20:04:53.245] [DEBUG] cheese - login => username:admin,password:123456
[2020-06-29T20:04:53.247] [DEBUG] cheese - admin
[2020-06-29T20:04:56.061] [DEBUG] cheese - login => username:admin,password:123456
[2020-06-29T20:04:56.062] [DEBUG] cheese - admin
[2020-06-30T11:07:36.457] [DEBUG] cheese - login => username:admin,password:123456
[2020-06-30T11:07:36.459] [DEBUG] cheese - admin
[2020-06-30T11:07:40.697] [DEBUG] cheese - login => username:admin,password:123456
[2020-06-30T11:07:40.697] [DEBUG] cheese - admin
[2020-06-30T14:32:38.479] [DEBUG] cheese - login => username:admin,password:123456
[2020-06-30T14:32:38.484] [DEBUG] cheese - admin
[2020-06-30T15:18:44.762] [DEBUG] cheese - login => username:admin,password:123456
[2020-06-30T15:18:44.764] [DEBUG] cheese - admin
[2020-06-30T15:18:46.813] [DEBUG] cheese - login => username:admin,password:123456
[2020-06-30T15:18:46.813] [DEBUG] cheese - admin
[2020-06-30T17:02:51.940] [DEBUG] cheese - login => username:admin,password:123456
[2020-06-30T17:02:51.943] [DEBUG] cheese - admin
[2020-06-30T17:02:54.110] [DEBUG] cheese - login => username:admin,password:123456
[2020-06-30T17:02:54.111] [DEBUG] cheese - admin
[2020-06-30T17:33:11.596] [DEBUG] cheese - login => username:admin,password:123456
[2020-06-30T17:33:11.598] [DEBUG] cheese - admin
[2020-06-30T17:33:13.443] [DEBUG] cheese - login => username:admin,password:123456
[2020-06-30T17:33:13.444] [DEBUG] cheese - admin
[2020-06-30T18:00:48.059] [DEBUG] cheese - login => username:admin,password:123456
[2020-06-30T18:00:48.061] [DEBUG] cheese - admin
[2020-06-30T20:40:00.232] [DEBUG] cheese - login => username:admin,password:123456
[2020-06-30T20:40:00.234] [DEBUG] cheese - admin
[2020-06-30T20:40:02.398] [DEBUG] cheese - login => username:admin,password:123456
[2020-06-30T20:40:02.399] [DEBUG] cheese - admin
[2020-07-01T09:21:16.941] [DEBUG] cheese - login => username:admin,password:123456
[2020-07-01T09:21:16.943] [DEBUG] cheese - admin
[2020-07-01T09:21:19.113] [DEBUG] cheese - login => username:admin,password:123456
[2020-07-01T09:21:19.114] [DEBUG] cheese - admin
[2020-07-01T09:29:01.914] [DEBUG] cheese - login => username:admin,password:123456
[2020-07-01T09:29:01.914] [DEBUG] cheese - admin
[2020-07-01T09:29:58.516] [DEBUG] cheese - login => username:admin,password:123456
[2020-07-01T09:29:58.516] [DEBUG] cheese - admin
[2020-07-01T09:33:13.249] [DEBUG] cheese - login => username:admin,password:123456
[2020-07-01T09:33:13.249] [DEBUG] cheese - admin
[2020-07-01T10:51:24.176] [DEBUG] cheese - login => username:admin,password:123456
[2020-07-01T10:51:24.179] [DEBUG] cheese - admin
[2020-07-01T10:51:29.401] [DEBUG] cheese - login => username:admin,password:123456
[2020-07-01T10:51:29.401] [DEBUG] cheese - admin
[2020-07-01T10:51:47.844] [DEBUG] cheese - login => username:admin,password:123456
[2020-07-01T10:51:47.844] [DEBUG] cheese - admin
[2020-07-01T10:59:02.005] [DEBUG] cheese - login => username:admin,password:123456
[2020-07-01T10:59:02.008] [DEBUG] cheese - admin
[2020-07-01T10:59:03.728] [DEBUG] cheese - login => username:admin,password:123456
[2020-07-01T10:59:03.728] [DEBUG] cheese - admin
[2020-07-01T11:14:24.645] [DEBUG] cheese - login => username:admin,password:123456
[2020-07-01T11:14:24.645] [DEBUG] cheese - admin
[2020-07-01T11:14:25.992] [DEBUG] cheese - login => username:admin,password:123456
[2020-07-01T11:14:25.993] [DEBUG] cheese - admin
[2020-07-01T11:20:03.256] [DEBUG] cheese - login => username:admin,password:123456
[2020-07-01T11:20:03.257] [DEBUG] cheese - admin
[2020-07-01T11:20:04.975] [DEBUG] cheese - login => username:admin,password:123456
[2020-07-01T11:20:04.975] [DEBUG] cheese - admin
[2020-07-01T15:03:51.907] [DEBUG] cheese - login => username:admin,password:123456
[2020-07-01T15:03:51.907] [DEBUG] cheese - admin
[2020-07-01T15:03:53.557] [DEBUG] cheese - login => username:admin,password:123456
[2020-07-01T15:03:53.558] [DEBUG] cheese - admin
[2020-07-02T20:24:25.668] [DEBUG] cheese - login => username:admin,password:123456
[2020-07-02T20:24:25.671] [DEBUG] cheese - admin
[2020-07-02T22:53:41.519] [DEBUG] cheese - login => username:admin,password:123456
[2020-07-02T22:53:41.519] [DEBUG] cheese - admin
[2020-07-02T22:53:43.430] [DEBUG] cheese - login => username:admin,password:123456
[2020-07-02T22:53:43.431] [DEBUG] cheese - admin
[2020-07-06T10:33:14.222] [DEBUG] cheese - login => username:admin,password:123456
[2020-07-06T10:33:14.225] [DEBUG] cheese - admin
[2020-07-06T10:33:15.583] [DEBUG] cheese - login => username:admin,password:123456
[2020-07-06T10:33:15.583] [DEBUG] cheese - admin
[2020-07-06T10:40:13.843] [DEBUG] cheese - login => username:admin,password:123456
[2020-07-06T10:40:13.846] [DEBUG] cheese - admin
[2020-07-06T10:42:33.406] [DEBUG] cheese - login => username:admin,password:123456
[2020-07-06T10:42:33.407] [DEBUG] cheese - admin
[2020-07-06T10:42:35.121] [DEBUG] cheese - login => username:admin,password:123456
[2020-07-06T10:42:35.121] [DEBUG] cheese - admin
[2020-07-06T10:42:36.865] [DEBUG] cheese - login => username:admin,password:123456
[2020-07-06T10:42:36.865] [DEBUG] cheese - admin
[2020-07-06T10:42:38.825] [DEBUG] cheese - login => username:admin,password:123456
[2020-07-06T10:42:38.825] [DEBUG] cheese - admin
[2020-07-06T10:55:16.400] [DEBUG] cheese - login => username:admin,password:123456
[2020-07-06T10:55:16.400] [DEBUG] cheese - admin
[2020-07-06T10:55:17.581] [DEBUG] cheese - login => username:admin,password:123456
[2020-07-06T10:55:17.581] [DEBUG] cheese - admin
[2020-07-06T10:59:03.093] [DEBUG] cheese - login => username:admin,password:123456
[2020-07-06T10:59:03.093] [DEBUG] cheese - admin
[2020-07-06T10:59:08.468] [DEBUG] cheese - login => username:admin,password:123456
[2020-07-06T10:59:08.468] [DEBUG] cheese - admin
[2020-07-06T10:59:38.177] [DEBUG] cheese - login => username:admin,password:123456
[2020-07-06T10:59:38.177] [DEBUG] cheese - admin
[2020-07-06T11:04:59.285] [DEBUG] cheese - login => username:admin,password:123456
[2020-07-06T11:04:59.289] [DEBUG] cheese - admin
[2020-07-06T11:05:01.386] [DEBUG] cheese - login => username:admin,password:123456
[2020-07-06T11:05:01.386] [DEBUG] cheese - admin
[2020-07-06T11:45:14.340] [DEBUG] cheese - login => username:admin,password:123456
[2020-07-06T11:45:14.343] [DEBUG] cheese - admin
[2020-07-06T11:45:15.971] [DEBUG] cheese - login => username:admin,password:123456
[2020-07-06T11:45:15.971] [DEBUG] cheese - admin
[2020-07-06T11:45:25.420] [DEBUG] cheese - login => username:admin,password:123456
[2020-07-06T11:45:25.420] [DEBUG] cheese - admin
[2020-07-06T14:23:01.708] [DEBUG] cheese - login => username:admin,password:123456
[2020-07-06T14:23:01.719] [DEBUG] cheese - admin
[2020-07-06T14:23:04.254] [DEBUG] cheese - login => username:admin,password:123456
[2020-07-06T14:23:04.255] [DEBUG] cheese - admin
[2020-07-06T14:23:14.647] [DEBUG] cheese - login => username:admin,password:123456
[2020-07-06T14:23:14.648] [DEBUG] cheese - admin
[2020-07-06T14:48:09.100] [DEBUG] cheese - login => username:admin,password:123456
[2020-07-06T14:48:09.105] [DEBUG] cheese - admin
[2020-07-06T14:54:55.295] [DEBUG] cheese - login => username:admin,password:123456
[2020-07-06T14:54:55.296] [DEBUG] cheese - admin
[2020-07-06T14:54:57.798] [DEBUG] cheese - login => username:admin,password:123456
[2020-07-06T14:54:57.798] [DEBUG] cheese - admin
[2020-07-06T15:19:19.200] [DEBUG] cheese - login => username:admin,password:123456
[2020-07-06T15:19:19.203] [DEBUG] cheese - admin
[2020-07-06T15:19:22.224] [DEBUG] cheese - login => username:admin,password:123456
[2020-07-06T15:19:22.224] [DEBUG] cheese - admin
[2020-07-06T16:59:12.550] [DEBUG] cheese - login => username:admin,password:123456
[2020-07-06T16:59:12.550] [DEBUG] cheese - admin
[2020-07-06T17:14:19.425] [DEBUG] cheese - login => username:admin,password:123456
[2020-07-06T17:14:19.425] [DEBUG] cheese - admin
[2020-07-06T18:48:22.593] [DEBUG] cheese - login => username:admin,password:123456
[2020-07-06T18:48:22.598] [DEBUG] cheese - admin
[2020-07-06T18:48:24.812] [DEBUG] cheese - login => username:admin,password:123456
[2020-07-06T18:48:24.812] [DEBUG] cheese - admin
[2020-07-06T18:56:10.011] [DEBUG] cheese - login => username:admin,password:123456
[2020-07-06T18:56:10.012] [DEBUG] cheese - admin
[2020-07-06T19:03:42.669] [DEBUG] cheese - login => username:admin,password:123456
[2020-07-06T19:03:42.671] [DEBUG] cheese - admin
[2020-07-06T19:03:45.821] [DEBUG] cheese - login => username:admin,password:123456
[2020-07-06T19:03:45.821] [DEBUG] cheese - admin
[2020-07-06T19:03:47.155] [DEBUG] cheese - login => username:admin,password:123456
[2020-07-06T19:03:47.155] [DEBUG] cheese - admin
[2020-07-06T20:07:10.842] [DEBUG] cheese - login => username:admin,password:123456
[2020-07-06T20:07:10.859] [DEBUG] cheese - admin
[2020-07-06T20:07:13.569] [DEBUG] cheese - login => username:admin,password:123456
[2020-07-06T20:07:13.569] [DEBUG] cheese - admin
[2020-07-06T20:07:15.234] [DEBUG] cheese - login => username:admin,password:123456
[2020-07-06T20:07:15.235] [DEBUG] cheese - admin
[2020-07-06T20:50:14.496] [DEBUG] cheese - login => username:admin,password:123456
[2020-07-06T20:50:14.500] [DEBUG] cheese - admin
[2020-07-06T21:15:37.365] [DEBUG] cheese - login => username:admin,password:123456
[2020-07-06T21:15:37.366] [DEBUG] cheese - admin
[2020-07-06T21:15:40.152] [DEBUG] cheese - login => username:admin,password:123456
[2020-07-06T21:15:40.152] [DEBUG] cheese - admin
[2020-07-08T08:25:02.751] [DEBUG] cheese - login => username:admin,password:123456
[2020-07-08T08:25:02.757] [DEBUG] cheese - admin
[2020-07-11T09:15:49.458] [DEBUG] cheese - login => username:admin,password:123456
[2020-07-11T09:15:49.463] [DEBUG] cheese - admin
[2020-07-11T09:15:51.651] [DEBUG] cheese - login => username:admin,password:123456
[2020-07-11T09:15:51.651] [DEBUG] cheese - admin
[2020-07-11T10:36:09.889] [DEBUG] cheese - login => username:admin,password:123456
[2020-07-11T10:36:09.897] [DEBUG] cheese - admin
[2020-07-11T14:32:48.088] [DEBUG] cheese - login => username:admin,password:123456
[2020-07-11T14:32:48.095] [DEBUG] cheese - admin
[2020-07-11T14:32:50.220] [DEBUG] cheese - login => username:admin,password:123456
[2020-07-11T14:32:50.220] [DEBUG] cheese - admin
[2020-07-11T15:26:38.742] [DEBUG] cheese - login => username:admin,password:123456
[2020-07-11T15:26:38.747] [DEBUG] cheese - admin
[2020-07-11T16:45:10.052] [DEBUG] cheese - login => username:admin,password:123456
[2020-07-11T16:45:10.058] [DEBUG] cheese - admin
[2020-07-11T17:23:59.282] [DEBUG] cheese - login => username:admin,password:123456
[2020-07-11T17:23:59.288] [DEBUG] cheese - admin
[2020-07-11T17:47:02.003] [DEBUG] cheese - login => username:admin,password:123456
[2020-07-11T17:47:02.004] [DEBUG] cheese - admin
[2020-07-12T11:06:45.588] [DEBUG] cheese - login => username:admin,password:123456
[2020-07-12T11:06:45.591] [DEBUG] cheese - admin
[2020-07-12T11:06:46.874] [DEBUG] cheese - login => username:admin,password:123456
[2020-07-12T11:06:46.874] [DEBUG] cheese - admin
[2020-07-12T11:12:58.862] [DEBUG] cheese - login => username:admin,password:123456
[2020-07-12T11:12:58.863] [DEBUG] cheese - admin
[2020-07-12T11:22:31.537] [DEBUG] cheese - login => username:admin,password:123456
[2020-07-12T11:22:31.537] [DEBUG] cheese - admin
[2020-09-08T21:05:38.656] [DEBUG] cheese - login => username:admin,password:123456
[2020-09-08T21:05:38.658] [DEBUG] cheese - admin
[2020-09-08T21:16:52.867] [DEBUG] cheese - login => username:admin,password:123456
[2020-09-08T21:16:52.869] [DEBUG] cheese - admin
[2020-09-08T21:22:26.340] [DEBUG] cheese - login => username:admin,password:123456
[2020-09-08T21:22:26.342] [DEBUG] cheese - admin
[2020-09-09T15:02:19.052] [DEBUG] cheese - login => username:admin,password:123456
[2020-09-09T15:02:19.055] [DEBUG] cheese - admin
[2020-09-09T15:45:11.421] [DEBUG] cheese - login => username:admin,password:123456
[2020-09-09T15:45:11.421] [DEBUG] cheese - admin
[2020-09-09T15:45:40.871] [DEBUG] cheese - login => username:admin,password:123456
[2020-09-09T15:45:40.871] [DEBUG] cheese - admin
[2020-09-09T15:48:16.840] [DEBUG] cheese - login => username:admin,password:123456
[2020-09-09T15:48:16.840] [DEBUG] cheese - admin
[2020-09-13T09:50:42.543] [DEBUG] cheese - login => username:admin,password:123456
[2020-09-13T09:50:42.545] [DEBUG] cheese - admin
[2020-09-13T10:28:17.392] [DEBUG] cheese - login => username:admin,password:123456
[2020-09-13T10:28:17.392] [DEBUG] cheese - admin
[2020-09-13T10:34:40.917] [DEBUG] cheese - login => username:admin,password:123456
[2020-09-13T10:34:40.917] [DEBUG] cheese - admin
[2020-09-13T10:35:07.676] [DEBUG] cheese - login => username:admin,password:123456
[2020-09-13T10:35:07.676] [DEBUG] cheese - admin
[2020-09-13T11:14:52.112] [DEBUG] cheese - login => username:admin,password:123456
[2020-09-13T11:14:52.112] [DEBUG] cheese - admin
[2020-09-13T11:19:49.998] [DEBUG] cheese - login => username:admin,password:123456
[2020-09-13T11:19:50.000] [DEBUG] cheese - admin
[2020-09-13T11:24:12.182] [DEBUG] cheese - login => username:admin,password:123456
[2020-09-13T11:24:12.182] [DEBUG] cheese - admin
[2020-09-13T11:25:46.729] [DEBUG] cheese - login => username:admin,password:123456
[2020-09-13T11:25:46.729] [DEBUG] cheese - admin
[2020-09-13T11:29:00.560] [DEBUG] cheese - login => username:admin,password:123456
[2020-09-13T11:29:00.560] [DEBUG] cheese - admin
[2020-09-13T14:50:50.883] [DEBUG] cheese - login => username:admin,password:123456
[2020-09-13T14:50:50.888] [DEBUG] cheese - admin
[2020-09-13T14:51:44.887] [DEBUG] cheese - login => username:admin,password:123456
[2020-09-13T14:51:44.888] [DEBUG] cheese - admin
[2020-09-13T14:52:24.152] [DEBUG] cheese - login => username:admin,password:123456
[2020-09-13T14:52:24.152] [DEBUG] cheese - admin
[2020-09-13T15:16:42.823] [DEBUG] cheese - login => username:admin,password:123456
[2020-09-13T15:16:42.825] [DEBUG] cheese - admin
[2020-09-13T15:18:13.419] [DEBUG] cheese - login => username:admin,password:123456
[2020-09-13T15:18:13.419] [DEBUG] cheese - admin
[2020-09-13T15:19:27.742] [DEBUG] cheese - login => username:admin,password:123456
[2020-09-13T15:19:27.742] [DEBUG] cheese - admin
[2020-09-13T15:21:59.738] [DEBUG] cheese - login => username:admin,password:123456
[2020-09-13T15:21:59.738] [DEBUG] cheese - admin
[2020-09-13T15:27:42.130] [DEBUG] cheese - login => username:admin,password:123456
[2020-09-13T15:27:42.131] [DEBUG] cheese - admin
[2020-09-13T15:35:56.119] [DEBUG] cheese - login => username:admin,password:123456
[2020-09-13T15:35:56.119] [DEBUG] cheese - admin
[2020-09-13T15:37:15.042] [DEBUG] cheese - login => username:admin,password:123456
[2020-09-13T15:37:15.042] [DEBUG] cheese - admin
[2020-09-13T15:41:42.858] [DEBUG] cheese - login => username:admin,password:123456
[2020-09-13T15:41:42.858] [DEBUG] cheese - admin
[2020-09-13T16:16:39.240] [DEBUG] cheese - login => username:admin,password:123456
[2020-09-13T16:16:39.240] [DEBUG] cheese - admin
[2020-09-13T16:42:11.421] [DEBUG] cheese - login => username:admin,password:123456
[2020-09-13T16:42:11.421] [DEBUG] cheese - admin
[2020-09-13T17:43:42.137] [DEBUG] cheese - login => username:admin,password:123456
[2020-09-13T17:43:42.139] [DEBUG] cheese - admin
[2020-09-13T17:46:11.530] [DEBUG] cheese - login => username:admin,password:123456
[2020-09-13T17:46:11.530] [DEBUG] cheese - admin
[2020-09-13T19:44:38.641] [DEBUG] cheese - login => username:admin,password:123456
[2020-09-13T19:44:38.641] [DEBUG] cheese - admin
[2020-09-13T20:05:47.796] [DEBUG] cheese - login => username:admin,password:123456
[2020-09-13T20:05:47.796] [DEBUG] cheese - admin
[2020-09-13T20:12:32.395] [DEBUG] cheese - login => username:admin,password:123456
[2020-09-13T20:12:32.395] [DEBUG] cheese - admin
[2020-09-13T20:20:41.675] [DEBUG] cheese - login => username:admin,password:123456
[2020-09-13T20:20:41.676] [DEBUG] cheese - admin
[2020-09-13T20:22:37.283] [DEBUG] cheese - login => username:admin,password:123456
[2020-09-13T20:22:37.283] [DEBUG] cheese - admin
[2020-09-13T20:29:21.102] [DEBUG] cheese - login => username:admin,password:123456
[2020-09-13T20:29:21.102] [DEBUG] cheese - admin
[2020-09-13T20:49:29.819] [DEBUG] cheese - login => username:admin,password:123456
[2020-09-13T20:49:29.821] [DEBUG] cheese - admin
[2020-09-13T21:03:27.945] [DEBUG] cheese - login => username:admin,password:123456
[2020-09-13T21:03:27.945] [DEBUG] cheese - admin
[2020-09-13T21:07:53.720] [DEBUG] cheese - login => username:admin,password:123456
[2020-09-13T21:07:53.720] [DEBUG] cheese - admin
[2020-09-13T21:12:16.708] [DEBUG] cheese - login => username:admin,password:123456
[2020-09-13T21:12:16.708] [DEBUG] cheese - admin
[2020-09-13T21:15:29.726] [DEBUG] cheese - login => username:admin,password:123456
[2020-09-13T21:15:29.726] [DEBUG] cheese - admin
[2020-09-13T21:36:11.895] [DEBUG] cheese - login => username:admin,password:123456
[2020-09-13T21:36:11.895] [DEBUG] cheese - admin
[2020-09-13T21:38:14.755] [DEBUG] cheese - login => username:admin,password:123456
[2020-09-13T21:38:14.755] [DEBUG] cheese - admin
[2020-09-13T21:43:42.598] [DEBUG] cheese - login => username:admin,password:123456
[2020-09-13T21:43:42.598] [DEBUG] cheese - admin
[2020-09-13T21:48:33.136] [DEBUG] cheese - login => username:admin,password:123456
[2020-09-13T21:48:33.136] [DEBUG] cheese - admin
[2020-09-13T21:52:47.145] [DEBUG] cheese - login => username:admin,password:123456
[2020-09-13T21:52:47.145] [DEBUG] cheese - admin
[2020-09-13T21:56:34.759] [DEBUG] cheese - login => username:admin,password:123456
[2020-09-13T21:56:34.759] [DEBUG] cheese - admin
[2020-09-13T22:10:26.979] [DEBUG] cheese - login => username:admin,password:123456
[2020-09-13T22:10:26.980] [DEBUG] cheese - admin
[2020-09-13T22:20:48.156] [DEBUG] cheese - login => username:admin,password:123456
[2020-09-13T22:20:48.157] [DEBUG] cheese - admin
[2020-09-13T22:20:48.166] [DEBUG] cheese - login => username:admin,password:123456
[2020-09-13T22:20:48.166] [DEBUG] cheese - admin
[2020-09-13T22:20:48.178] [DEBUG] cheese - login => username:admin,password:123456
[2020-09-13T22:20:48.178] [DEBUG] cheese - admin
[2020-09-13T22:20:48.183] [DEBUG] cheese - login => username:admin,password:123456
[2020-09-13T22:20:48.183] [DEBUG] cheese - admin
[2020-09-13T22:20:48.202] [DEBUG] cheese - login => username:admin,password:123456
[2020-09-13T22:20:48.202] [DEBUG] cheese - admin
[2020-09-13T22:20:53.687] [DEBUG] cheese - login => username:admin,password:123456
[2020-09-13T22:20:53.687] [DEBUG] cheese - admin
[2020-09-13T22:25:05.653] [DEBUG] cheese - login => username:admin,password:123456
[2020-09-13T22:25:05.653] [DEBUG] cheese - admin
[2020-09-13T22:27:01.561] [DEBUG] cheese - login => username:admin,password:123456
[2020-09-13T22:27:01.561] [DEBUG] cheese - admin
[2020-09-16T11:18:39.911] [DEBUG] cheese - login => username:admin,password:123456
[2020-09-16T11:18:39.913] [DEBUG] cheese - admin
[2020-09-16T11:20:42.778] [DEBUG] cheese - login => username:admin,password:123456
[2020-09-16T11:20:42.778] [DEBUG] cheese - admin
[2020-09-16T11:25:06.257] [DEBUG] cheese - login => username:admin,password:123456
[2020-09-16T11:25:06.257] [DEBUG] cheese - admin
[2020-09-16T13:12:06.013] [DEBUG] cheese - login => username:admin,password:123456
[2020-09-16T13:12:06.014] [DEBUG] cheese - admin
[2020-09-16T13:23:51.002] [DEBUG] cheese - login => username:admin,password:123456
[2020-09-16T13:23:51.003] [DEBUG] cheese - admin
[2020-09-18T11:57:51.277] [DEBUG] cheese - login => username:admin,password:123456
[2020-09-18T11:57:51.280] [DEBUG] cheese - admin
[2020-09-19T11:22:44.359] [DEBUG] cheese - login => username:admin,password:123456
[2020-09-19T11:22:44.362] [DEBUG] cheese - admin
[2020-09-19T11:22:46.723] [DEBUG] cheese - login => username:admin,password:123456
[2020-09-19T11:22:46.723] [DEBUG] cheese - admin
[2020-09-19T11:23:20.933] [DEBUG] cheese - login => username:admin,password:123456
[2020-09-19T11:23:20.934] [DEBUG] cheese - admin
[2020-09-19T11:24:19.278] [DEBUG] cheese - login => username:admin,password:123456
[2020-09-19T11:24:19.278] [DEBUG] cheese - admin
[2020-09-19T11:24:20.969] [DEBUG] cheese - login => username:admin,password:123456
[2020-09-19T11:24:20.969] [DEBUG] cheese - admin
[2020-09-19T11:24:28.701] [DEBUG] cheese - login => username:admin,password:123456
[2020-09-19T11:24:28.701] [DEBUG] cheese - admin
[2020-09-19T11:29:44.592] [DEBUG] cheese - login => username:admin,password:123456
[2020-09-19T11:29:44.592] [DEBUG] cheese - admin
[2020-09-19T11:30:22.049] [DEBUG] cheese - login => username:admin,password:123456
[2020-09-19T11:30:22.049] [DEBUG] cheese - admin
[2020-09-19T12:00:21.344] [DEBUG] cheese - login => username:admin,password:123456
[2020-09-19T12:00:21.344] [DEBUG] cheese - admin
[2020-09-19T12:00:50.574] [DEBUG] cheese - login => username:admin,password:123456
[2020-09-19T12:00:50.574] [DEBUG] cheese - admin
[2020-09-19T16:38:45.527] [DEBUG] cheese - login => username:admin,password:123456
[2020-09-19T16:38:45.527] [DEBUG] cheese - admin
[2020-09-20T10:19:53.230] [DEBUG] cheese - login => username:admin,password:123456
[2020-09-20T10:19:53.230] [DEBUG] cheese - admin
[2020-09-20T11:53:36.653] [DEBUG] cheese - login => username:admin,password:123456
[2020-09-20T11:53:36.719] [DEBUG] cheese - admin
[2020-09-21T17:04:15.878] [DEBUG] cheese - login => username:admin,password:123456
[2020-09-21T17:04:15.882] [DEBUG] cheese - admin
[2020-09-21T17:44:51.138] [DEBUG] cheese - login => username:admin,password:123456
[2020-09-21T17:44:51.143] [DEBUG] cheese - admin
[2020-09-21T18:05:15.948] [DEBUG] cheese - login => username:admin,password:123456
[2020-09-21T18:05:15.952] [DEBUG] cheese - admin
[2020-09-24T21:23:10.592] [DEBUG] cheese - login => username:admin,password:123456
[2020-09-24T21:23:10.596] [DEBUG] cheese - admin
[2020-09-24T22:02:58.934] [DEBUG] cheese - login => username:admin,password:123456
[2020-09-24T22:02:58.937] [DEBUG] cheese - admin
[2020-09-24T22:09:16.192] [DEBUG] cheese - login => username:admin,password:123456
[2020-09-24T22:09:16.195] [DEBUG] cheese - admin
[2020-09-24T22:29:22.406] [DEBUG] cheese - login => username:admin,password:123456
[2020-09-24T22:29:22.406] [DEBUG] cheese - admin
[2020-09-24T22:31:33.694] [DEBUG] cheese - login => username:admin,password:123456
[2020-09-24T22:31:33.694] [DEBUG] cheese - admin
[2020-09-24T22:34:19.488] [DEBUG] cheese - login => username:admin,password:123456
[2020-09-24T22:34:19.489] [DEBUG] cheese - admin
[2020-09-24T22:49:37.787] [DEBUG] cheese - login => username:admin,password:123456
[2020-09-24T22:49:37.788] [DEBUG] cheese - admin
[2020-09-24T22:55:25.807] [DEBUG] cheese - login => username:admin,password:123456
[2020-09-24T22:55:25.807] [DEBUG] cheese - admin
[2020-09-26T13:47:45.359] [DEBUG] cheese - login => username:admin,password:123456
[2020-09-26T13:47:45.361] [DEBUG] cheese - admin
[2020-09-27T11:45:19.658] [DEBUG] cheese - login => username:admin,password:123456
[2020-09-27T11:45:19.661] [DEBUG] cheese - admin
[2020-09-27T11:45:32.379] [DEBUG] cheese - login => username:admin,password:123456
[2020-09-27T11:45:32.379] [DEBUG] cheese - admin
[2020-09-27T11:48:31.095] [DEBUG] cheese - login => username:admin,password:123456
[2020-09-27T11:48:31.095] [DEBUG] cheese - admin
[2020-09-30T15:59:27.535] [DEBUG] cheese - login => username:admin,password:123456
[2020-09-30T15:59:27.537] [DEBUG] cheese - admin
[2020-09-30T17:00:45.451] [DEBUG] cheese - login => username:admin,password:123456
[2020-09-30T17:00:45.451] [DEBUG] cheese - admin
[2020-09-30T17:10:53.256] [DEBUG] cheese - login => username:admin,password:123456
[2020-09-30T17:10:53.257] [DEBUG] cheese - admin
[2020-09-30T17:16:09.053] [DEBUG] cheese - login => username:admin,password:123456
[2020-09-30T17:16:09.053] [DEBUG] cheese - admin
[2020-09-30T17:23:15.244] [DEBUG] cheese - login => username:admin,password:123456
[2020-09-30T17:23:15.244] [DEBUG] cheese - admin
